<?xml version="1.0" encoding="utf-8"?><testsuites><testsuite name="pytest" errors="0" failures="1" skipped="0" tests="22" time="39.920" timestamp="2023-11-17T22:47:16.461622" hostname="DESKTOP-V233VNG"><testcase classname="tests.test_add_contact_in_group" name="test_add_some_contact_in_group" time="6.359" /><testcase classname="tests.test_db_matches_ui" name="test_group_list" time="0.241" /><testcase classname="tests.test_del_contact_from_group" name="test_delete_some_contact_from_group" time="1.791" /><testcase classname="tests.TestContacts.test_add_contact" name="test_add_contact[None:::]" time="2.068" /><testcase classname="tests.TestContacts.test_add_contact" name="test_add_contact[None:lastname@M %JI4sl(:[4:firstnameO:addresseQo}jYcpOU]" time="2.295" /><testcase classname="tests.TestContacts.test_add_contact" name="test_add_contact[None:lastname3!:eQDm:firstname:address YoA]" time="2.303" /><testcase classname="tests.TestContacts.test_add_contact" name="test_add_contact[None:lastnamen5:firstnameIHA:addressVmxGfUHdYw?tZj]" time="2.336" /><testcase classname="tests.TestContacts.test_add_contact" name="test_add_contact[None:lastname2xJm-6+_ fu:firstname:address 0T]" time="2.329" /><testcase classname="tests.TestContacts.test_add_contact" name="test_add_contact[None:lastnamelpP=[nz:firstname#&amp;X mS:address&amp;G]" time="2.338" /><testcase classname="tests.TestContacts.test_check_contact_information" name="test_info_of_contacts_on_homepage" time="1.503" /><testcase classname="tests.TestContacts.test_del_contact" name="test_delete_some_contact" time="1.358" /><testcase classname="tests.TestContacts.test_edit_contact" name="test_edit_contact_lastname_by_id" time="2.365" /><testcase classname="tests.TestContacts.test_phones" name="test_phones_on_home_page" time="1.697" /><testcase classname="tests.TestContacts.test_phones" name="test_phones_on_contact_view_page" time="0.187"><failure message="AttributeError: 'NoneType' object has no attribute 'group'">app = &lt;fixture.application.Application object at 0x0000019DA2720040&gt;

    def test_phones_on_contact_view_page(app):
&gt;       contact_from_view_page = app.contact.get_contact_from_view_page(0)

tests\TestContacts\test_phones.py:11: 
_ _ _ _ _ _ _ _ _ _ _ _ _ _ _ _ _ _ _ _ _ _ _ _ _ _ _ _ _ _ _ _ _ _ _ _ _ _ _ _

self = &lt;fixture.contact.ContactHelper object at 0x0000019DA2855760&gt;, index = 0

    def get_contact_from_view_page(self, index):
        wd = self.app.wd
        self.open_contact_view_by_index(index)
        text = wd.find_element(By.ID, "content").text
&gt;       homephone = re.search("H: (.*)", text).group(1)
E       AttributeError: 'NoneType' object has no attribute 'group'

fixture\contact.py:77: AttributeError</failure></testcase><testcase classname="tests.TestGroups.test_add_group" name="test_add_group[None:::]" time="0.910" /><testcase classname="tests.TestGroups.test_add_group" name="test_add_group[None:name :headerw f+0:footerN=t6F]" time="0.880" /><testcase classname="tests.TestGroups.test_add_group" name="test_add_group[None:name_NV:headeMTmu:QG5{:footerk@-r i=5I]" time="0.867" /><testcase classname="tests.TestGroups.test_add_group" name="test_add_group[None:name At/9HH:headerYubB&lt;4S&quot;l-K:footer}`G, f]" time="0.886" /><testcase classname="tests.TestGroups.test_add_group" name="test_add_group[None:nameIZ-[Im/:headerM&quot;wd,;A`pJ{H0d sY:footerH-]" time="0.875" /><testcase classname="tests.TestGroups.test_add_group" name="test_add_group[None:name~G+*X` /*:header=c4Fd):footer*oZ-]" time="0.971" /><testcase classname="tests.TestGroups.test_del_group" name="test_delete_some_group" time="0.343" /><testcase classname="tests.TestGroups.test_edit_group" name="test_edit_group_name_by_id" time="4.887" /></testsuite></testsuites>